2024-10-14 07:01:00.982 [restartedMain] INFO  o.apache.jasper.servlet.TldScanner - At least one JAR was scanned for TLDs yet contained no TLDs. Enable debug logging for this logger for a complete list of JARs that were scanned but no TLDs were found in them. Skipping unneeded JARs during scanning can improve startup time and JSP compilation time. 
2024-10-14 07:01:01.014 [restartedMain] INFO  o.a.c.c.C.[Tomcat].[localhost].[/] - Initializing Spring embedded WebApplicationContext 
2024-10-14 07:01:01.016 [restartedMain] INFO  o.s.b.w.s.c.ServletWebServerApplicationContext - Root WebApplicationContext: initialization completed in 10728 ms 
2024-10-14 07:01:02.170 [restartedMain] WARN  o.s.aop.framework.CglibAopProxy - Unable to proxy interface-implementing method [public final void org.springframework.dao.support.DaoSupport.afterPropertiesSet() throws java.lang.IllegalArgumentException,org.springframework.beans.factory.BeanInitializationException] because it is marked as final, consider using interface-based JDK proxies instead. 
2024-10-14 07:01:03.424 [restartedMain] WARN  o.s.b.d.a.OptionalLiveReloadServer - Unable to start LiveReload server 
2024-10-14 07:01:03.515 [restartedMain] INFO  o.a.coyote.http11.Http11NioProtocol - Starting ProtocolHandler ["http-nio-8080"] 
2024-10-14 07:01:03.599 [restartedMain] INFO  o.s.b.w.e.tomcat.TomcatWebServer - Tomcat started on port 8080 (http) with context path '/' 
2024-10-14 07:01:03.620 [restartedMain] INFO  com.mate.MateApplication - Started MateApplication in 15.833 seconds (process running for 19.668) 
2024-10-14 07:01:08.433 [http-nio-8080-exec-1] INFO  o.a.c.c.C.[Tomcat].[localhost].[/] - Initializing Spring DispatcherServlet 'dispatcherServlet' 
2024-10-14 07:01:08.433 [http-nio-8080-exec-1] INFO  o.s.web.servlet.DispatcherServlet - Initializing Servlet 'dispatcherServlet' 
2024-10-14 07:01:08.440 [http-nio-8080-exec-1] INFO  o.s.web.servlet.DispatcherServlet - Completed initialization in 6 ms 
2024-10-14 07:01:10.722 [http-nio-8080-exec-3] WARN  o.s.web.servlet.PageNotFound - No mapping for GET /mate/js/jquery-3.7.1.min.js 
2024-10-14 07:01:10.726 [http-nio-8080-exec-5] WARN  o.s.web.servlet.PageNotFound - No mapping for GET /mate/public/alarmOnButton.png 
2024-10-14 07:01:10.727 [http-nio-8080-exec-6] WARN  o.s.web.servlet.PageNotFound - No mapping for GET /mate/public/Logo.png 
2024-10-14 07:01:10.731 [http-nio-8080-exec-7] WARN  o.s.web.servlet.PageNotFound - No mapping for GET /mate/public/CountorLine@1x.png 
2024-10-14 07:01:10.759 [http-nio-8080-exec-6] WARN  o.s.web.servlet.PageNotFound - No endpoint GET /mate/public/Logo.png. 
2024-10-14 07:01:10.760 [http-nio-8080-exec-5] WARN  o.s.web.servlet.PageNotFound - No endpoint GET /mate/public/alarmOnButton.png. 
2024-10-14 07:01:10.759 [http-nio-8080-exec-3] WARN  o.s.web.servlet.PageNotFound - No endpoint GET /mate/js/jquery-3.7.1.min.js. 
2024-10-14 07:01:10.762 [http-nio-8080-exec-9] WARN  o.s.web.servlet.PageNotFound - No mapping for GET /ma/image/tourlist/%EB%9D%BC%EC%8A%A4%EB%B2%A0%EA%B0%80%EC%8A%A4%20%EC%95%BC%EA%B2%BD.jpg
2024-10-14 07:01:10.763 [http-nio-8080-exec-7] WARN  o.s.web.servlet.PageNotFound - No endpoint GET /mate/public/CountorLine@1x.png. 
2024-10-14 07:01:10.764 [http-nio-8080-exec-9] WARN  o.s.web.servlet.PageNotFound - No endpoint GET /ma/image/tourlist/%EB%9D%BC%EC%8A%A4%EB%B2%A0%EA%B0%80%EC%8A%A4%20%EC%95%BC%EA%B2%BD.jpg.
2024-10-14 07:01:10.762 [http-nio-8080-exec-8] WARN  o.s.web.servlet.PageNotFound - No mapping for GET /ma/image/tourlist/%EB%B2%A0%EB%8B%88%EC%8A%A4.jpg
2024-10-14 07:01:10.769 [http-nio-8080-exec-8] WARN  o.s.web.servlet.PageNotFound - No endpoint GET /ma/image/tourlist/%EB%B2%A0%EB%8B%88%EC%8A%A4.jpg.
2024-10-14 07:01:10.932 [http-nio-8080-exec-1] WARN  o.s.web.servlet.PageNotFound - No mapping for GET /ma/image/tourlist/%EC%82%BF%ED%8F%AC%EB%A1%9C%20%EC%98%A8%EC%B2%9C.jpg
2024-10-14 07:01:10.934 [http-nio-8080-exec-10] WARN  o.s.web.servlet.PageNotFound - No mapping for GET /ma/image/tourlist/%EB%B2%A0%ED%8A%B8%EB%82%A8%20%ED%80%B4%EB%85%BC%20%EB%8F%84%EC%8B%9C.jpg
2024-10-14 07:01:10.939 [http-nio-8080-exec-10] WARN  o.s.web.servlet.PageNotFound - No endpoint GET /ma/image/tourlist/%EB%B2%A0%ED%8A%B8%EB%82%A8%20%ED%80%B4%EB%85%BC%20%EB%8F%84%EC%8B%9C.jpg.
2024-10-14 07:01:10.934 [http-nio-8080-exec-1] WARN  o.s.web.servlet.PageNotFound - No endpoint GET /ma/image/tourlist/%EC%82%BF%ED%8F%AC%EB%A1%9C%20%EC%98%A8%EC%B2%9C.jpg.
2024-10-14 07:01:10.961 [http-nio-8080-exec-8] WARN  o.s.web.servlet.PageNotFound - No mapping for GET /mate/js/jquery-3.7.1.min.js 
2024-10-14 07:01:10.962 [http-nio-8080-exec-8] WARN  o.s.web.servlet.PageNotFound - No endpoint GET /mate/js/jquery-3.7.1.min.js. 
2024-10-14 07:01:41.204 [File Watcher] INFO  o.s.b.d.a.LocalDevToolsAutoConfiguration$RestartingClassPathChangeChangedEventListener - Restarting due to 1 class path change (0 additions, 0 deletions, 1 modification) 
2024-10-14 07:01:41.207 [Thread-1] INFO  o.a.coyote.http11.Http11NioProtocol - Stopping ProtocolHandler ["http-nio-8080"] 
2024-10-14 07:01:41.288 [restartedMain] INFO  com.mate.MateApplication - Starting MateApplication using Java 22.0.1 with PID 11169 (/Users/sinpyungho/IdeaProjects/Mate-Develop/mate_front/target/classes started by sinpyungho in /Users/sinpyungho/IdeaProjects/Mate-Develop/mate_front) 
2024-10-14 07:01:41.288 [restartedMain] INFO  com.mate.MateApplication - No active profile set, falling back to 1 default profile: "default" 
2024-10-14 07:01:41.743 [restartedMain] WARN  o.m.s.mapper.ClassPathMapperScanner - No MyBatis mapper was found in '[com.mate]' package. Please check your configuration. 
2024-10-14 07:01:41.812 [restartedMain] INFO  o.s.b.w.e.tomcat.TomcatWebServer - Tomcat initialized with port 8080 (http) 
2024-10-14 07:01:41.812 [restartedMain] INFO  o.a.coyote.http11.Http11NioProtocol - Initializing ProtocolHandler ["http-nio-8080"] 
2024-10-14 07:01:41.813 [restartedMain] INFO  o.a.catalina.core.StandardService - Starting service [Tomcat] 
2024-10-14 07:01:41.813 [restartedMain] INFO  o.a.catalina.core.StandardEngine - Starting Servlet engine: [Apache Tomcat/10.1.30] 
2024-10-14 07:01:41.934 [restartedMain] INFO  o.apache.jasper.servlet.TldScanner - At least one JAR was scanned for TLDs yet contained no TLDs. Enable debug logging for this logger for a complete list of JARs that were scanned but no TLDs were found in them. Skipping unneeded JARs during scanning can improve startup time and JSP compilation time. 
2024-10-14 07:01:41.936 [restartedMain] INFO  o.a.c.c.C.[Tomcat].[localhost].[/] - Initializing Spring embedded WebApplicationContext 
2024-10-14 07:01:41.936 [restartedMain] INFO  o.s.b.w.s.c.ServletWebServerApplicationContext - Root WebApplicationContext: initialization completed in 645 ms 
2024-10-14 07:01:42.041 [restartedMain] WARN  o.s.aop.framework.CglibAopProxy - Unable to proxy interface-implementing method [public final void org.springframework.dao.support.DaoSupport.afterPropertiesSet() throws java.lang.IllegalArgumentException,org.springframework.beans.factory.BeanInitializationException] because it is marked as final, consider using interface-based JDK proxies instead. 
2024-10-14 07:01:42.194 [restartedMain] WARN  o.s.b.d.a.OptionalLiveReloadServer - Unable to start LiveReload server 
2024-10-14 07:01:42.205 [restartedMain] INFO  o.a.coyote.http11.Http11NioProtocol - Starting ProtocolHandler ["http-nio-8080"] 
2024-10-14 07:01:42.208 [restartedMain] INFO  o.s.b.w.e.tomcat.TomcatWebServer - Tomcat started on port 8080 (http) with context path '/' 
2024-10-14 07:01:42.212 [restartedMain] INFO  com.mate.MateApplication - Started MateApplication in 0.95 seconds (process running for 58.259) 
2024-10-14 07:01:42.213 [restartedMain] INFO  o.s.b.d.a.ConditionEvaluationDeltaLoggingListener - Condition evaluation unchanged 
2024-10-14 07:01:44.629 [http-nio-8080-exec-1] INFO  o.a.c.c.C.[Tomcat].[localhost].[/] - Initializing Spring DispatcherServlet 'dispatcherServlet' 
2024-10-14 07:01:44.629 [http-nio-8080-exec-1] INFO  o.s.web.servlet.DispatcherServlet - Initializing Servlet 'dispatcherServlet' 
2024-10-14 07:01:44.631 [http-nio-8080-exec-1] INFO  o.s.web.servlet.DispatcherServlet - Completed initialization in 2 ms 
2024-10-14 07:01:44.967 [http-nio-8080-exec-3] WARN  o.s.web.servlet.PageNotFound - No mapping for GET /mate/mypage/public/Logo.png 
2024-10-14 07:01:44.967 [http-nio-8080-exec-4] WARN  o.s.web.servlet.PageNotFound - No mapping for GET /mate/mypage/js/jquery-3.7.1.min.js 
2024-10-14 07:01:44.968 [http-nio-8080-exec-5] WARN  o.s.web.servlet.PageNotFound - No mapping for GET /mate/mypage/public/alarmOnButton.png 
2024-10-14 07:01:44.972 [http-nio-8080-exec-4] WARN  o.s.web.servlet.PageNotFound - No endpoint GET /mate/mypage/js/jquery-3.7.1.min.js. 
2024-10-14 07:01:44.972 [http-nio-8080-exec-3] WARN  o.s.web.servlet.PageNotFound - No endpoint GET /mate/mypage/public/Logo.png. 
2024-10-14 07:01:44.975 [http-nio-8080-exec-5] WARN  o.s.web.servlet.PageNotFound - No endpoint GET /mate/mypage/public/alarmOnButton.png. 
2024-10-14 07:01:44.979 [http-nio-8080-exec-7] WARN  o.s.web.servlet.PageNotFound - No mapping for GET /mate/mypage/public/CountorLine@1x.png 
2024-10-14 07:01:44.980 [http-nio-8080-exec-7] WARN  o.s.web.servlet.PageNotFound - No endpoint GET /mate/mypage/public/CountorLine@1x.png. 
2024-10-14 07:01:44.994 [http-nio-8080-exec-9] WARN  o.s.web.servlet.PageNotFound - No mapping for GET /mate/mypage/js/jquery-3.7.1.min.js 
2024-10-14 07:01:44.994 [http-nio-8080-exec-9] WARN  o.s.web.servlet.PageNotFound - No endpoint GET /mate/mypage/js/jquery-3.7.1.min.js. 
