2024-10-14 07:30:20.877 [background-preinit] INFO  o.h.validator.internal.util.Version - HV000001: Hibernate Validator 8.0.1.Final 
2024-10-14 07:30:21.284 [restartedMain] INFO  com.mate.MateApplication - Starting MateApplication using Java 22.0.1 with PID 11590 (/Users/sinpyungho/IdeaProjects/Mate-Develop/mate_front/target/classes started by sinpyungho in /Users/sinpyungho/IdeaProjects/Mate-Develop/mate_front) 
2024-10-14 07:30:21.286 [restartedMain] INFO  com.mate.MateApplication - No active profile set, falling back to 1 default profile: "default" 
2024-10-14 07:30:21.568 [restartedMain] INFO  o.s.b.d.restart.ChangeableUrls - The Class-Path manifest attribute in /Users/sinpyungho/.m2/repository/com/oracle/database/jdbc/ojdbc11/21.9.0.0/ojdbc11-21.9.0.0.jar referenced one or more files that do not exist: file:/Users/sinpyungho/.m2/repository/com/oracle/database/jdbc/ojdbc11/21.9.0.0/oraclepki.jar 
2024-10-14 07:30:21.568 [restartedMain] INFO  o.s.b.d.e.DevToolsPropertyDefaultsPostProcessor - Devtools property defaults active! Set 'spring.devtools.add-properties' to 'false' to disable 
2024-10-14 07:30:21.569 [restartedMain] INFO  o.s.b.d.e.DevToolsPropertyDefaultsPostProcessor - For additional web related logging consider setting the 'logging.level.web' property to 'DEBUG' 
2024-10-14 07:30:24.474 [restartedMain] WARN  o.m.s.mapper.ClassPathMapperScanner - No MyBatis mapper was found in '[com.mate]' package. Please check your configuration. 
2024-10-14 07:30:25.847 [restartedMain] INFO  o.s.b.w.e.tomcat.TomcatWebServer - Tomcat initialized with port 8080 (http) 
2024-10-14 07:30:25.879 [restartedMain] INFO  o.a.coyote.http11.Http11NioProtocol - Initializing ProtocolHandler ["http-nio-8080"] 
2024-10-14 07:30:25.893 [restartedMain] INFO  o.a.catalina.core.StandardService - Starting service [Tomcat] 
2024-10-14 07:30:25.893 [restartedMain] INFO  o.a.catalina.core.StandardEngine - Starting Servlet engine: [Apache Tomcat/10.1.30] 
2024-10-14 07:30:26.537 [restartedMain] INFO  o.apache.jasper.servlet.TldScanner - At least one JAR was scanned for TLDs yet contained no TLDs. Enable debug logging for this logger for a complete list of JARs that were scanned but no TLDs were found in them. Skipping unneeded JARs during scanning can improve startup time and JSP compilation time. 
2024-10-14 07:30:26.552 [restartedMain] INFO  o.a.c.c.C.[Tomcat].[localhost].[/] - Initializing Spring embedded WebApplicationContext 
2024-10-14 07:30:26.556 [restartedMain] INFO  o.s.b.w.s.c.ServletWebServerApplicationContext - Root WebApplicationContext: initialization completed in 4982 ms 
2024-10-14 07:30:27.167 [restartedMain] WARN  o.s.aop.framework.CglibAopProxy - Unable to proxy interface-implementing method [public final void org.springframework.dao.support.DaoSupport.afterPropertiesSet() throws java.lang.IllegalArgumentException,org.springframework.beans.factory.BeanInitializationException] because it is marked as final, consider using interface-based JDK proxies instead. 
2024-10-14 07:30:27.989 [restartedMain] WARN  o.s.b.d.a.OptionalLiveReloadServer - Unable to start LiveReload server 
2024-10-14 07:30:28.051 [restartedMain] INFO  o.a.coyote.http11.Http11NioProtocol - Starting ProtocolHandler ["http-nio-8080"] 
2024-10-14 07:30:28.102 [restartedMain] INFO  o.s.b.w.e.tomcat.TomcatWebServer - Tomcat started on port 8080 (http) with context path '/' 
2024-10-14 07:30:28.125 [restartedMain] INFO  com.mate.MateApplication - Started MateApplication in 11.404 seconds (process running for 17.802) 
2024-10-14 07:30:36.716 [http-nio-8080-exec-1] INFO  o.a.c.c.C.[Tomcat].[localhost].[/] - Initializing Spring DispatcherServlet 'dispatcherServlet' 
2024-10-14 07:30:36.718 [http-nio-8080-exec-1] INFO  o.s.web.servlet.DispatcherServlet - Initializing Servlet 'dispatcherServlet' 
2024-10-14 07:30:36.725 [http-nio-8080-exec-1] INFO  o.s.web.servlet.DispatcherServlet - Completed initialization in 6 ms 
2024-10-14 07:30:38.736 [http-nio-8080-exec-3] WARN  o.s.web.servlet.PageNotFound - No mapping for GET /mate/mypage/guide/public/alarmOnButton.png 
2024-10-14 07:30:38.737 [http-nio-8080-exec-2] WARN  o.s.web.servlet.PageNotFound - No mapping for GET /mate/mypage/guide/public/Logo.png 
2024-10-14 07:30:38.750 [http-nio-8080-exec-2] WARN  o.s.web.servlet.PageNotFound - No endpoint GET /mate/mypage/guide/public/Logo.png. 
2024-10-14 07:30:38.750 [http-nio-8080-exec-3] WARN  o.s.web.servlet.PageNotFound - No endpoint GET /mate/mypage/guide/public/alarmOnButton.png. 
2024-10-14 07:30:38.845 [http-nio-8080-exec-4] WARN  o.s.web.servlet.PageNotFound - No mapping for GET /mate/mypage/guide/image/wishlist/check.png 
2024-10-14 07:30:38.846 [http-nio-8080-exec-6] WARN  o.s.web.servlet.PageNotFound - No mapping for GET /mate/mypage/guide/public/CountorLine@1x.png 
2024-10-14 07:30:38.850 [http-nio-8080-exec-4] WARN  o.s.web.servlet.PageNotFound - No endpoint GET /mate/mypage/guide/image/wishlist/check.png. 
2024-10-14 07:30:38.851 [http-nio-8080-exec-5] WARN  o.s.web.servlet.PageNotFound - No mapping for GET /mate/mypage/guide/public/chat.png 
2024-10-14 07:30:38.856 [http-nio-8080-exec-5] WARN  o.s.web.servlet.PageNotFound - No endpoint GET /mate/mypage/guide/public/chat.png. 
2024-10-14 07:30:38.856 [http-nio-8080-exec-6] WARN  o.s.web.servlet.PageNotFound - No endpoint GET /mate/mypage/guide/public/CountorLine@1x.png. 
2024-10-14 07:30:38.972 [http-nio-8080-exec-7] WARN  o.s.web.servlet.PageNotFound - No mapping for GET /mate/mypage/guide/image/wishlist/uncheck.png 
2024-10-14 07:30:38.975 [http-nio-8080-exec-7] WARN  o.s.web.servlet.PageNotFound - No endpoint GET /mate/mypage/guide/image/wishlist/uncheck.png. 
2024-10-14 07:30:39.090 [http-nio-8080-exec-8] WARN  o.s.web.servlet.PageNotFound - No mapping for GET /mate/mypage/guide/image/wishlist/uncheck.png 
2024-10-14 07:30:39.097 [http-nio-8080-exec-8] WARN  o.s.web.servlet.PageNotFound - No endpoint GET /mate/mypage/guide/image/wishlist/uncheck.png. 
