2024-10-14 07:25:00.936 [restartedMain] INFO  o.s.b.w.e.tomcat.TomcatWebServer - Tomcat initialized with port 8080 (http) 
2024-10-14 07:25:00.963 [restartedMain] INFO  o.a.coyote.http11.Http11NioProtocol - Initializing ProtocolHandler ["http-nio-8080"] 
2024-10-14 07:25:00.970 [restartedMain] INFO  o.a.catalina.core.StandardService - Starting service [Tomcat] 
2024-10-14 07:25:00.971 [restartedMain] INFO  o.a.catalina.core.StandardEngine - Starting Servlet engine: [Apache Tomcat/10.1.30] 
2024-10-14 07:25:01.435 [restartedMain] INFO  o.apache.jasper.servlet.TldScanner - At least one JAR was scanned for TLDs yet contained no TLDs. Enable debug logging for this logger for a complete list of JARs that were scanned but no TLDs were found in them. Skipping unneeded JARs during scanning can improve startup time and JSP compilation time. 
2024-10-14 07:25:01.447 [restartedMain] INFO  o.a.c.c.C.[Tomcat].[localhost].[/] - Initializing Spring embedded WebApplicationContext 
2024-10-14 07:25:01.448 [restartedMain] INFO  o.s.b.w.s.c.ServletWebServerApplicationContext - Root WebApplicationContext: initialization completed in 3212 ms 
2024-10-14 07:25:02.046 [restartedMain] WARN  o.s.aop.framework.CglibAopProxy - Unable to proxy interface-implementing method [public final void org.springframework.dao.support.DaoSupport.afterPropertiesSet() throws java.lang.IllegalArgumentException,org.springframework.beans.factory.BeanInitializationException] because it is marked as final, consider using interface-based JDK proxies instead. 
2024-10-14 07:25:02.921 [restartedMain] WARN  o.s.b.d.a.OptionalLiveReloadServer - Unable to start LiveReload server 
2024-10-14 07:25:02.986 [restartedMain] INFO  o.a.coyote.http11.Http11NioProtocol - Starting ProtocolHandler ["http-nio-8080"] 
2024-10-14 07:25:03.039 [restartedMain] INFO  o.s.b.w.e.tomcat.TomcatWebServer - Tomcat started on port 8080 (http) with context path '/' 
2024-10-14 07:25:03.060 [restartedMain] INFO  com.mate.MateApplication - Started MateApplication in 6.046 seconds (process running for 8.207) 
2024-10-14 07:25:06.525 [http-nio-8080-exec-1] INFO  o.a.c.c.C.[Tomcat].[localhost].[/] - Initializing Spring DispatcherServlet 'dispatcherServlet' 
2024-10-14 07:25:06.526 [http-nio-8080-exec-1] INFO  o.s.web.servlet.DispatcherServlet - Initializing Servlet 'dispatcherServlet' 
2024-10-14 07:25:06.532 [http-nio-8080-exec-1] INFO  o.s.web.servlet.DispatcherServlet - Completed initialization in 5 ms 
2024-10-14 07:25:09.204 [http-nio-8080-exec-2] WARN  o.s.web.servlet.PageNotFound - No mapping for GET /mate/public/Logo.png 
2024-10-14 07:25:09.204 [http-nio-8080-exec-3] WARN  o.s.web.servlet.PageNotFound - No mapping for GET /mate/public/alarmOnButton.png 
2024-10-14 07:25:09.226 [http-nio-8080-exec-3] WARN  o.s.web.servlet.PageNotFound - No endpoint GET /mate/public/alarmOnButton.png. 
2024-10-14 07:25:09.226 [http-nio-8080-exec-2] WARN  o.s.web.servlet.PageNotFound - No endpoint GET /mate/public/Logo.png. 
2024-10-14 07:25:09.450 [http-nio-8080-exec-4] WARN  o.s.web.servlet.PageNotFound - No mapping for GET /mate/public/CountorLine@1x.png 
2024-10-14 07:25:09.453 [http-nio-8080-exec-4] WARN  o.s.web.servlet.PageNotFound - No endpoint GET /mate/public/CountorLine@1x.png. 
2024-10-14 07:25:09.475 [http-nio-8080-exec-6] WARN  o.s.web.servlet.PageNotFound - No mapping for GET /mate/public/chat.png 
2024-10-14 07:25:09.477 [http-nio-8080-exec-6] WARN  o.s.web.servlet.PageNotFound - No endpoint GET /mate/public/chat.png. 
2024-10-14 07:25:09.477 [http-nio-8080-exec-5] WARN  o.s.web.servlet.PageNotFound - No mapping for GET /ma/image/tourlist/%EB%B2%A0%EB%8B%88%EC%8A%A4.jpg
2024-10-14 07:25:09.485 [http-nio-8080-exec-5] WARN  o.s.web.servlet.PageNotFound - No endpoint GET /ma/image/tourlist/%EB%B2%A0%EB%8B%88%EC%8A%A4.jpg.
2024-10-14 07:25:09.618 [http-nio-8080-exec-1] WARN  o.s.web.servlet.PageNotFound - No mapping for GET /ma/image/tourlist/%EC%82%BF%ED%8F%AC%EB%A1%9C%20%EC%98%A8%EC%B2%9C.jpg
2024-10-14 07:25:09.619 [http-nio-8080-exec-9] WARN  o.s.web.servlet.PageNotFound - No mapping for GET /ma/image/tourlist/%EB%9D%BC%EC%8A%A4%EB%B2%A0%EA%B0%80%EC%8A%A4%20%EC%95%BC%EA%B2%BD.jpg
2024-10-14 07:25:09.620 [http-nio-8080-exec-1] WARN  o.s.web.servlet.PageNotFound - No endpoint GET /ma/image/tourlist/%EC%82%BF%ED%8F%AC%EB%A1%9C%20%EC%98%A8%EC%B2%9C.jpg.
2024-10-14 07:25:09.620 [http-nio-8080-exec-5] WARN  o.s.web.servlet.PageNotFound - No mapping for GET /ma/image/tourlist/%EB%B2%A0%ED%8A%B8%EB%82%A8%20%ED%80%B4%EB%85%BC%20%EB%8F%84%EC%8B%9C.jpg
2024-10-14 07:25:09.621 [http-nio-8080-exec-9] WARN  o.s.web.servlet.PageNotFound - No endpoint GET /ma/image/tourlist/%EB%9D%BC%EC%8A%A4%EB%B2%A0%EA%B0%80%EC%8A%A4%20%EC%95%BC%EA%B2%BD.jpg.
2024-10-14 07:25:09.621 [http-nio-8080-exec-5] WARN  o.s.web.servlet.PageNotFound - No endpoint GET /ma/image/tourlist/%EB%B2%A0%ED%8A%B8%EB%82%A8%20%ED%80%B4%EB%85%BC%20%EB%8F%84%EC%8B%9C.jpg.
2024-10-14 07:25:41.537 [http-nio-8080-exec-10] WARN  o.s.web.servlet.PageNotFound - No mapping for GET /mate/mypage/public/chat.png 
2024-10-14 07:25:41.539 [http-nio-8080-exec-10] WARN  o.s.web.servlet.PageNotFound - No endpoint GET /mate/mypage/public/chat.png. 
2024-10-14 07:25:41.553 [http-nio-8080-exec-3] WARN  o.s.web.servlet.PageNotFound - No mapping for GET /mate/mypage/public/Logo.png 
2024-10-14 07:25:41.553 [http-nio-8080-exec-3] WARN  o.s.web.servlet.PageNotFound - No endpoint GET /mate/mypage/public/Logo.png. 
2024-10-14 07:25:41.556 [http-nio-8080-exec-1] WARN  o.s.web.servlet.PageNotFound - No mapping for GET /mate/mypage/public/alarmOnButton.png 
2024-10-14 07:25:41.556 [http-nio-8080-exec-1] WARN  o.s.web.servlet.PageNotFound - No endpoint GET /mate/mypage/public/alarmOnButton.png. 
2024-10-14 07:25:41.560 [http-nio-8080-exec-9] WARN  o.s.web.servlet.PageNotFound - No mapping for GET /mate/mypage/public/CountorLine@1x.png 
2024-10-14 07:25:41.561 [http-nio-8080-exec-9] WARN  o.s.web.servlet.PageNotFound - No endpoint GET /mate/mypage/public/CountorLine@1x.png. 
2024-10-14 07:25:50.974 [http-nio-8080-exec-6] WARN  o.s.web.servlet.PageNotFound - No mapping for GET /mate/public/chat.png 
2024-10-14 07:25:50.976 [http-nio-8080-exec-6] WARN  o.s.web.servlet.PageNotFound - No endpoint GET /mate/public/chat.png. 
2024-10-14 07:25:50.974 [http-nio-8080-exec-8] WARN  o.s.web.servlet.PageNotFound - No mapping for GET /mate/public/Logo.png 
2024-10-14 07:25:50.978 [http-nio-8080-exec-8] WARN  o.s.web.servlet.PageNotFound - No endpoint GET /mate/public/Logo.png. 
2024-10-14 07:25:50.981 [http-nio-8080-exec-2] WARN  o.s.web.servlet.PageNotFound - No mapping for GET /mate/public/CountorLine@1x.png 
2024-10-14 07:25:50.982 [http-nio-8080-exec-2] WARN  o.s.web.servlet.PageNotFound - No endpoint GET /mate/public/CountorLine@1x.png. 
2024-10-14 07:25:50.984 [http-nio-8080-exec-10] WARN  o.s.web.servlet.PageNotFound - No mapping for GET /mate/public/alarmOnButton.png 
2024-10-14 07:25:50.984 [http-nio-8080-exec-6] WARN  o.s.web.servlet.PageNotFound - No mapping for GET /ma/image/tourlist/%EB%B2%A0%EB%8B%88%EC%8A%A4.jpg
2024-10-14 07:25:50.984 [http-nio-8080-exec-10] WARN  o.s.web.servlet.PageNotFound - No endpoint GET /mate/public/alarmOnButton.png. 
2024-10-14 07:25:50.985 [http-nio-8080-exec-6] WARN  o.s.web.servlet.PageNotFound - No endpoint GET /ma/image/tourlist/%EB%B2%A0%EB%8B%88%EC%8A%A4.jpg.
2024-10-14 07:25:50.985 [http-nio-8080-exec-1] WARN  o.s.web.servlet.PageNotFound - No mapping for GET /ma/image/tourlist/%EB%9D%BC%EC%8A%A4%EB%B2%A0%EA%B0%80%EC%8A%A4%20%EC%95%BC%EA%B2%BD.jpg
2024-10-14 07:25:50.985 [http-nio-8080-exec-1] WARN  o.s.web.servlet.PageNotFound - No endpoint GET /ma/image/tourlist/%EB%9D%BC%EC%8A%A4%EB%B2%A0%EA%B0%80%EC%8A%A4%20%EC%95%BC%EA%B2%BD.jpg.
2024-10-14 07:25:50.987 [http-nio-8080-exec-9] WARN  o.s.web.servlet.PageNotFound - No mapping for GET /ma/image/tourlist/%EB%B2%A0%ED%8A%B8%EB%82%A8%20%ED%80%B4%EB%85%BC%20%EB%8F%84%EC%8B%9C.jpg
2024-10-14 07:25:50.987 [http-nio-8080-exec-8] WARN  o.s.web.servlet.PageNotFound - No mapping for GET /ma/image/tourlist/%EC%82%BF%ED%8F%AC%EB%A1%9C%20%EC%98%A8%EC%B2%9C.jpg
2024-10-14 07:25:50.987 [http-nio-8080-exec-8] WARN  o.s.web.servlet.PageNotFound - No endpoint GET /ma/image/tourlist/%EC%82%BF%ED%8F%AC%EB%A1%9C%20%EC%98%A8%EC%B2%9C.jpg.
2024-10-14 07:25:50.987 [http-nio-8080-exec-9] WARN  o.s.web.servlet.PageNotFound - No endpoint GET /ma/image/tourlist/%EB%B2%A0%ED%8A%B8%EB%82%A8%20%ED%80%B4%EB%85%BC%20%EB%8F%84%EC%8B%9C.jpg.
