2024-10-14 07:34:04.491 [http-nio-8080-exec-1] INFO  o.a.c.c.C.[Tomcat].[localhost].[/] - Initializing Spring DispatcherServlet 'dispatcherServlet' 
2024-10-14 07:34:04.495 [http-nio-8080-exec-1] INFO  o.s.web.servlet.DispatcherServlet - Initializing Servlet 'dispatcherServlet' 
2024-10-14 07:34:04.498 [http-nio-8080-exec-1] INFO  o.s.web.servlet.DispatcherServlet - Completed initialization in 3 ms 
2024-10-14 07:34:06.231 [http-nio-8080-exec-2] WARN  o.s.web.servlet.PageNotFound - No mapping for GET /public/Logo.png 
2024-10-14 07:34:06.232 [http-nio-8080-exec-3] WARN  o.s.web.servlet.PageNotFound - No mapping for GET /public/alarmOnButton.png 
2024-10-14 07:34:06.255 [http-nio-8080-exec-3] WARN  o.s.web.servlet.PageNotFound - No endpoint GET /public/alarmOnButton.png. 
2024-10-14 07:34:06.255 [http-nio-8080-exec-2] WARN  o.s.web.servlet.PageNotFound - No endpoint GET /public/Logo.png. 
2024-10-14 07:34:06.502 [http-nio-8080-exec-5] WARN  o.s.web.servlet.PageNotFound - No mapping for GET /public/chat.png 
2024-10-14 07:34:06.503 [http-nio-8080-exec-4] WARN  o.s.web.servlet.PageNotFound - No mapping for GET /public/CountorLine@1x.png 
2024-10-14 07:34:06.506 [http-nio-8080-exec-4] WARN  o.s.web.servlet.PageNotFound - No endpoint GET /public/CountorLine@1x.png. 
2024-10-14 07:34:06.504 [http-nio-8080-exec-5] WARN  o.s.web.servlet.PageNotFound - No endpoint GET /public/chat.png. 
2024-10-14 07:34:41.352 [background-preinit] INFO  o.h.validator.internal.util.Version - HV000001: Hibernate Validator 8.0.1.Final 
2024-10-14 07:34:41.383 [restartedMain] INFO  com.mate.MateApplication - Starting MateApplication using Java 22.0.1 with PID 11656 (/Users/sinpyungho/IdeaProjects/Mate-Develop/mate_front/target/classes started by sinpyungho in /Users/sinpyungho/IdeaProjects/Mate-Develop/mate_front) 
2024-10-14 07:34:41.384 [restartedMain] INFO  com.mate.MateApplication - No active profile set, falling back to 1 default profile: "default" 
2024-10-14 07:34:41.429 [restartedMain] INFO  o.s.b.d.restart.ChangeableUrls - The Class-Path manifest attribute in /Users/sinpyungho/.m2/repository/com/oracle/database/jdbc/ojdbc11/21.9.0.0/ojdbc11-21.9.0.0.jar referenced one or more files that do not exist: file:/Users/sinpyungho/.m2/repository/com/oracle/database/jdbc/ojdbc11/21.9.0.0/oraclepki.jar 
2024-10-14 07:34:41.429 [restartedMain] INFO  o.s.b.d.e.DevToolsPropertyDefaultsPostProcessor - Devtools property defaults active! Set 'spring.devtools.add-properties' to 'false' to disable 
2024-10-14 07:34:41.429 [restartedMain] INFO  o.s.b.d.e.DevToolsPropertyDefaultsPostProcessor - For additional web related logging consider setting the 'logging.level.web' property to 'DEBUG' 
2024-10-14 07:34:42.073 [restartedMain] WARN  o.m.s.mapper.ClassPathMapperScanner - No MyBatis mapper was found in '[com.mate]' package. Please check your configuration. 
2024-10-14 07:34:42.503 [restartedMain] INFO  o.s.b.w.e.tomcat.TomcatWebServer - Tomcat initialized with port 8080 (http) 
2024-10-14 07:34:42.519 [restartedMain] INFO  o.a.coyote.http11.Http11NioProtocol - Initializing ProtocolHandler ["http-nio-8080"] 
2024-10-14 07:34:42.522 [restartedMain] INFO  o.a.catalina.core.StandardService - Starting service [Tomcat] 
2024-10-14 07:34:42.523 [restartedMain] INFO  o.a.catalina.core.StandardEngine - Starting Servlet engine: [Apache Tomcat/10.1.30] 
2024-10-14 07:34:42.728 [restartedMain] INFO  o.apache.jasper.servlet.TldScanner - At least one JAR was scanned for TLDs yet contained no TLDs. Enable debug logging for this logger for a complete list of JARs that were scanned but no TLDs were found in them. Skipping unneeded JARs during scanning can improve startup time and JSP compilation time. 
2024-10-14 07:34:42.737 [restartedMain] INFO  o.a.c.c.C.[Tomcat].[localhost].[/] - Initializing Spring embedded WebApplicationContext 
2024-10-14 07:34:42.738 [restartedMain] INFO  o.s.b.w.s.c.ServletWebServerApplicationContext - Root WebApplicationContext: initialization completed in 1308 ms 
2024-10-14 07:34:43.062 [restartedMain] WARN  o.s.aop.framework.CglibAopProxy - Unable to proxy interface-implementing method [public final void org.springframework.dao.support.DaoSupport.afterPropertiesSet() throws java.lang.IllegalArgumentException,org.springframework.beans.factory.BeanInitializationException] because it is marked as final, consider using interface-based JDK proxies instead. 
2024-10-14 07:34:43.525 [restartedMain] WARN  o.s.b.d.a.OptionalLiveReloadServer - Unable to start LiveReload server 
2024-10-14 07:34:43.567 [restartedMain] INFO  o.a.coyote.http11.Http11NioProtocol - Starting ProtocolHandler ["http-nio-8080"] 
2024-10-14 07:34:43.594 [restartedMain] INFO  o.s.b.w.e.tomcat.TomcatWebServer - Tomcat started on port 8080 (http) with context path '/' 
2024-10-14 07:34:43.604 [restartedMain] INFO  com.mate.MateApplication - Started MateApplication in 2.613 seconds (process running for 3.928) 
2024-10-14 07:34:48.672 [http-nio-8080-exec-1] INFO  o.a.c.c.C.[Tomcat].[localhost].[/] - Initializing Spring DispatcherServlet 'dispatcherServlet' 
2024-10-14 07:34:48.741 [http-nio-8080-exec-1] INFO  o.s.web.servlet.DispatcherServlet - Initializing Servlet 'dispatcherServlet' 
2024-10-14 07:34:48.745 [http-nio-8080-exec-1] INFO  o.s.web.servlet.DispatcherServlet - Completed initialization in 4 ms 
2024-10-14 07:34:50.010 [http-nio-8080-exec-3] WARN  o.s.web.servlet.PageNotFound - No mapping for GET /public/chat.png 
2024-10-14 07:34:50.010 [http-nio-8080-exec-2] WARN  o.s.web.servlet.PageNotFound - No mapping for GET /public/Logo.png 
2024-10-14 07:34:50.025 [http-nio-8080-exec-3] WARN  o.s.web.servlet.PageNotFound - No endpoint GET /public/chat.png. 
2024-10-14 07:34:50.025 [http-nio-8080-exec-2] WARN  o.s.web.servlet.PageNotFound - No endpoint GET /public/Logo.png. 
2024-10-14 07:34:50.212 [http-nio-8080-exec-4] WARN  o.s.web.servlet.PageNotFound - No mapping for GET /public/alarmOnButton.png 
2024-10-14 07:34:50.213 [http-nio-8080-exec-4] WARN  o.s.web.servlet.PageNotFound - No endpoint GET /public/alarmOnButton.png. 
2024-10-14 07:34:50.220 [http-nio-8080-exec-5] WARN  o.s.web.servlet.PageNotFound - No mapping for GET /public/CountorLine@1x.png 
2024-10-14 07:34:50.224 [http-nio-8080-exec-5] WARN  o.s.web.servlet.PageNotFound - No endpoint GET /public/CountorLine@1x.png. 
