2024-10-15 02:31:01.033 [background-preinit] INFO  o.h.validator.internal.util.Version - HV000001: Hibernate Validator 8.0.1.Final 
2024-10-15 02:31:01.192 [restartedMain] INFO  com.mate.MateApplication - Starting MateApplication using Java 22.0.1 with PID 17330 (/Users/sinpyungho/IdeaProjects/mate_front/target/classes started by sinpyungho in /Users/sinpyungho/IdeaProjects/mate_front) 
2024-10-15 02:31:01.194 [restartedMain] INFO  com.mate.MateApplication - No active profile set, falling back to 1 default profile: "default" 
2024-10-15 02:31:01.289 [restartedMain] INFO  o.s.b.d.restart.ChangeableUrls - The Class-Path manifest attribute in /Users/sinpyungho/.m2/repository/com/oracle/database/jdbc/ojdbc11/21.9.0.0/ojdbc11-21.9.0.0.jar referenced one or more files that do not exist: file:/Users/sinpyungho/.m2/repository/com/oracle/database/jdbc/ojdbc11/21.9.0.0/oraclepki.jar 
2024-10-15 02:31:01.289 [restartedMain] INFO  o.s.b.d.e.DevToolsPropertyDefaultsPostProcessor - Devtools property defaults active! Set 'spring.devtools.add-properties' to 'false' to disable 
2024-10-15 02:31:01.290 [restartedMain] INFO  o.s.b.d.e.DevToolsPropertyDefaultsPostProcessor - For additional web related logging consider setting the 'logging.level.web' property to 'DEBUG' 
2024-10-15 02:31:01.974 [restartedMain] WARN  o.m.s.mapper.ClassPathMapperScanner - No MyBatis mapper was found in '[com.mate]' package. Please check your configuration. 
2024-10-15 02:31:02.396 [restartedMain] INFO  o.s.b.w.e.tomcat.TomcatWebServer - Tomcat initialized with port 8080 (http) 
2024-10-15 02:31:02.418 [restartedMain] INFO  o.a.coyote.http11.Http11NioProtocol - Initializing ProtocolHandler ["http-nio-8080"] 
2024-10-15 02:31:02.423 [restartedMain] INFO  o.a.catalina.core.StandardService - Starting service [Tomcat] 
2024-10-15 02:31:02.423 [restartedMain] INFO  o.a.catalina.core.StandardEngine - Starting Servlet engine: [Apache Tomcat/10.1.30] 
2024-10-15 02:31:02.659 [restartedMain] INFO  o.apache.jasper.servlet.TldScanner - At least one JAR was scanned for TLDs yet contained no TLDs. Enable debug logging for this logger for a complete list of JARs that were scanned but no TLDs were found in them. Skipping unneeded JARs during scanning can improve startup time and JSP compilation time. 
2024-10-15 02:31:02.673 [restartedMain] INFO  o.a.c.c.C.[Tomcat].[localhost].[/] - Initializing Spring embedded WebApplicationContext 
2024-10-15 02:31:02.674 [restartedMain] INFO  o.s.b.w.s.c.ServletWebServerApplicationContext - Root WebApplicationContext: initialization completed in 1384 ms 
2024-10-15 02:31:03.072 [restartedMain] WARN  o.s.aop.framework.CglibAopProxy - Unable to proxy interface-implementing method [public final void org.springframework.dao.support.DaoSupport.afterPropertiesSet() throws java.lang.IllegalArgumentException,org.springframework.beans.factory.BeanInitializationException] because it is marked as final, consider using interface-based JDK proxies instead. 
2024-10-15 02:31:03.819 [restartedMain] INFO  o.s.b.d.a.OptionalLiveReloadServer - LiveReload server is running on port 35729 
2024-10-15 02:31:03.871 [restartedMain] INFO  o.a.coyote.http11.Http11NioProtocol - Starting ProtocolHandler ["http-nio-8080"] 
2024-10-15 02:31:03.904 [restartedMain] INFO  o.s.b.w.e.tomcat.TomcatWebServer - Tomcat started on port 8080 (http) with context path '/' 
2024-10-15 02:31:03.922 [restartedMain] INFO  com.mate.MateApplication - Started MateApplication in 3.956 seconds (process running for 5.728) 
2024-10-15 02:31:31.988 [background-preinit] INFO  o.h.validator.internal.util.Version - HV000001: Hibernate Validator 8.0.1.Final 
2024-10-15 02:31:32.081 [restartedMain] INFO  com.mate.MateApplication - Starting MateApplication using Java 22.0.1 with PID 17398 (/Users/sinpyungho/IdeaProjects/mate_front/target/classes started by sinpyungho in /Users/sinpyungho/IdeaProjects/mate_front) 
2024-10-15 02:31:32.083 [restartedMain] INFO  com.mate.MateApplication - No active profile set, falling back to 1 default profile: "default" 
2024-10-15 02:31:32.181 [restartedMain] INFO  o.s.b.d.restart.ChangeableUrls - The Class-Path manifest attribute in /Users/sinpyungho/.m2/repository/com/oracle/database/jdbc/ojdbc11/21.9.0.0/ojdbc11-21.9.0.0.jar referenced one or more files that do not exist: file:/Users/sinpyungho/.m2/repository/com/oracle/database/jdbc/ojdbc11/21.9.0.0/oraclepki.jar 
2024-10-15 02:31:32.182 [restartedMain] INFO  o.s.b.d.e.DevToolsPropertyDefaultsPostProcessor - Devtools property defaults active! Set 'spring.devtools.add-properties' to 'false' to disable 
2024-10-15 02:31:32.183 [restartedMain] INFO  o.s.b.d.e.DevToolsPropertyDefaultsPostProcessor - For additional web related logging consider setting the 'logging.level.web' property to 'DEBUG' 
2024-10-15 02:31:33.355 [restartedMain] WARN  o.m.s.mapper.ClassPathMapperScanner - No MyBatis mapper was found in '[com.mate]' package. Please check your configuration. 
2024-10-15 02:31:34.142 [restartedMain] INFO  o.s.b.w.e.tomcat.TomcatWebServer - Tomcat initialized with port 8080 (http) 
2024-10-15 02:31:34.156 [restartedMain] INFO  o.a.coyote.http11.Http11NioProtocol - Initializing ProtocolHandler ["http-nio-8080"] 
2024-10-15 02:31:34.161 [restartedMain] INFO  o.a.catalina.core.StandardService - Starting service [Tomcat] 
2024-10-15 02:31:34.161 [restartedMain] INFO  o.a.catalina.core.StandardEngine - Starting Servlet engine: [Apache Tomcat/10.1.30] 
2024-10-15 02:31:34.755 [restartedMain] INFO  o.apache.jasper.servlet.TldScanner - At least one JAR was scanned for TLDs yet contained no TLDs. Enable debug logging for this logger for a complete list of JARs that were scanned but no TLDs were found in them. Skipping unneeded JARs during scanning can improve startup time and JSP compilation time. 
2024-10-15 02:31:34.861 [restartedMain] INFO  o.a.c.c.C.[Tomcat].[localhost].[/] - Initializing Spring embedded WebApplicationContext 
2024-10-15 02:31:34.862 [restartedMain] INFO  o.s.b.w.s.c.ServletWebServerApplicationContext - Root WebApplicationContext: initialization completed in 2678 ms 
2024-10-15 02:31:35.498 [restartedMain] WARN  o.s.aop.framework.CglibAopProxy - Unable to proxy interface-implementing method [public final void org.springframework.dao.support.DaoSupport.afterPropertiesSet() throws java.lang.IllegalArgumentException,org.springframework.beans.factory.BeanInitializationException] because it is marked as final, consider using interface-based JDK proxies instead. 
2024-10-15 02:31:36.310 [restartedMain] INFO  o.s.b.d.a.OptionalLiveReloadServer - LiveReload server is running on port 35729 
2024-10-15 02:31:36.379 [restartedMain] INFO  o.a.coyote.http11.Http11NioProtocol - Starting ProtocolHandler ["http-nio-8080"] 
2024-10-15 02:31:36.440 [restartedMain] INFO  o.s.b.w.e.tomcat.TomcatWebServer - Tomcat started on port 8080 (http) with context path '/' 
2024-10-15 02:31:36.459 [restartedMain] INFO  com.mate.MateApplication - Started MateApplication in 5.047 seconds (process running for 6.65) 
2024-10-15 02:31:37.937 [http-nio-8080-exec-1] INFO  o.a.c.c.C.[Tomcat].[localhost].[/] - Initializing Spring DispatcherServlet 'dispatcherServlet' 
2024-10-15 02:31:37.938 [http-nio-8080-exec-1] INFO  o.s.web.servlet.DispatcherServlet - Initializing Servlet 'dispatcherServlet' 
2024-10-15 02:31:37.941 [http-nio-8080-exec-1] INFO  o.s.web.servlet.DispatcherServlet - Completed initialization in 3 ms 
2024-10-15 02:31:39.949 [http-nio-8080-exec-5] WARN  o.s.web.servlet.PageNotFound - No mapping for GET /your-image-path/alarm-icon.png 
2024-10-15 02:31:39.952 [http-nio-8080-exec-6] WARN  o.s.web.servlet.PageNotFound - No mapping for GET /your-logo-path/logo.png 
2024-10-15 02:31:39.951 [http-nio-8080-exec-4] WARN  o.s.web.servlet.PageNotFound - No mapping for GET /your-image-path/message-icon.png 
2024-10-15 02:31:39.957 [http-nio-8080-exec-5] WARN  o.s.web.servlet.PageNotFound - No endpoint GET /your-image-path/alarm-icon.png. 
2024-10-15 02:31:39.958 [http-nio-8080-exec-4] WARN  o.s.web.servlet.PageNotFound - No endpoint GET /your-image-path/message-icon.png. 
2024-10-15 02:31:39.958 [http-nio-8080-exec-6] WARN  o.s.web.servlet.PageNotFound - No endpoint GET /your-logo-path/logo.png. 
