2024-10-15 02:45:08.823 [background-preinit] INFO  o.h.validator.internal.util.Version - HV000001: Hibernate Validator 8.0.1.Final 
2024-10-15 02:45:08.856 [restartedMain] INFO  com.mate.MateApplication - Starting MateApplication using Java 22.0.1 with PID 19500 (/Users/sinpyungho/IdeaProjects/mate_front/target/classes started by sinpyungho in /Users/sinpyungho/IdeaProjects/mate_front) 
2024-10-15 02:45:08.856 [restartedMain] INFO  com.mate.MateApplication - No active profile set, falling back to 1 default profile: "default" 
2024-10-15 02:45:08.900 [restartedMain] INFO  o.s.b.d.restart.ChangeableUrls - The Class-Path manifest attribute in /Users/sinpyungho/.m2/repository/com/oracle/database/jdbc/ojdbc11/21.9.0.0/ojdbc11-21.9.0.0.jar referenced one or more files that do not exist: file:/Users/sinpyungho/.m2/repository/com/oracle/database/jdbc/ojdbc11/21.9.0.0/oraclepki.jar 
2024-10-15 02:45:08.900 [restartedMain] INFO  o.s.b.d.e.DevToolsPropertyDefaultsPostProcessor - Devtools property defaults active! Set 'spring.devtools.add-properties' to 'false' to disable 
2024-10-15 02:45:08.901 [restartedMain] INFO  o.s.b.d.e.DevToolsPropertyDefaultsPostProcessor - For additional web related logging consider setting the 'logging.level.web' property to 'DEBUG' 
2024-10-15 02:45:09.566 [restartedMain] WARN  o.m.s.mapper.ClassPathMapperScanner - No MyBatis mapper was found in '[com.mate]' package. Please check your configuration. 
2024-10-15 02:45:09.995 [restartedMain] INFO  o.s.b.w.e.tomcat.TomcatWebServer - Tomcat initialized with port 8080 (http) 
2024-10-15 02:45:10.008 [restartedMain] INFO  o.a.coyote.http11.Http11NioProtocol - Initializing ProtocolHandler ["http-nio-8080"] 
2024-10-15 02:45:10.012 [restartedMain] INFO  o.a.catalina.core.StandardService - Starting service [Tomcat] 
2024-10-15 02:45:10.013 [restartedMain] INFO  o.a.catalina.core.StandardEngine - Starting Servlet engine: [Apache Tomcat/10.1.30] 
2024-10-15 02:45:10.183 [restartedMain] INFO  o.apache.jasper.servlet.TldScanner - At least one JAR was scanned for TLDs yet contained no TLDs. Enable debug logging for this logger for a complete list of JARs that were scanned but no TLDs were found in them. Skipping unneeded JARs during scanning can improve startup time and JSP compilation time. 
2024-10-15 02:45:10.189 [restartedMain] INFO  o.a.c.c.C.[Tomcat].[localhost].[/] - Initializing Spring embedded WebApplicationContext 
2024-10-15 02:45:10.189 [restartedMain] INFO  o.s.b.w.s.c.ServletWebServerApplicationContext - Root WebApplicationContext: initialization completed in 1288 ms 
2024-10-15 02:45:10.520 [restartedMain] WARN  o.s.aop.framework.CglibAopProxy - Unable to proxy interface-implementing method [public final void org.springframework.dao.support.DaoSupport.afterPropertiesSet() throws java.lang.IllegalArgumentException,org.springframework.beans.factory.BeanInitializationException] because it is marked as final, consider using interface-based JDK proxies instead. 
2024-10-15 02:45:10.997 [restartedMain] INFO  o.s.b.d.a.OptionalLiveReloadServer - LiveReload server is running on port 35729 
2024-10-15 02:45:11.029 [restartedMain] INFO  o.a.coyote.http11.Http11NioProtocol - Starting ProtocolHandler ["http-nio-8080"] 
2024-10-15 02:45:11.057 [restartedMain] INFO  o.s.b.w.e.tomcat.TomcatWebServer - Tomcat started on port 8080 (http) with context path '/' 
2024-10-15 02:45:11.065 [restartedMain] INFO  com.mate.MateApplication - Started MateApplication in 2.686 seconds (process running for 3.773) 
2024-10-15 02:45:15.919 [http-nio-8080-exec-1] INFO  o.a.c.c.C.[Tomcat].[localhost].[/] - Initializing Spring DispatcherServlet 'dispatcherServlet' 
2024-10-15 02:45:15.919 [http-nio-8080-exec-1] INFO  o.s.web.servlet.DispatcherServlet - Initializing Servlet 'dispatcherServlet' 
2024-10-15 02:45:15.920 [http-nio-8080-exec-1] INFO  o.s.web.servlet.DispatcherServlet - Completed initialization in 1 ms 
2024-10-15 02:45:16.671 [http-nio-8080-exec-3] WARN  o.s.web.servlet.PageNotFound - No mapping for GET /your-image-path/left-arrow.png 
2024-10-15 02:45:16.671 [http-nio-8080-exec-2] WARN  o.s.web.servlet.PageNotFound - No mapping for GET /your-image-path/right-arrow.png 
2024-10-15 02:45:16.671 [http-nio-8080-exec-4] WARN  o.s.web.servlet.PageNotFound - No mapping for GET /your-image-path/rome.jpg 
2024-10-15 02:45:16.671 [http-nio-8080-exec-6] WARN  o.s.web.servlet.PageNotFound - No mapping for GET /your-image-path/paris.jpg 
2024-10-15 02:45:16.671 [http-nio-8080-exec-5] WARN  o.s.web.servlet.PageNotFound - No mapping for GET /your-image-path/tokyo.jpg 
2024-10-15 02:45:16.671 [http-nio-8080-exec-7] WARN  o.s.web.servlet.PageNotFound - No mapping for GET /your-image-path/danang.jpg 
2024-10-15 02:45:16.674 [http-nio-8080-exec-4] WARN  o.s.web.servlet.PageNotFound - No endpoint GET /your-image-path/rome.jpg. 
2024-10-15 02:45:16.674 [http-nio-8080-exec-5] WARN  o.s.web.servlet.PageNotFound - No endpoint GET /your-image-path/tokyo.jpg. 
2024-10-15 02:45:16.674 [http-nio-8080-exec-2] WARN  o.s.web.servlet.PageNotFound - No endpoint GET /your-image-path/right-arrow.png. 
2024-10-15 02:45:16.674 [http-nio-8080-exec-6] WARN  o.s.web.servlet.PageNotFound - No endpoint GET /your-image-path/paris.jpg. 
2024-10-15 02:45:16.674 [http-nio-8080-exec-3] WARN  o.s.web.servlet.PageNotFound - No endpoint GET /your-image-path/left-arrow.png. 
2024-10-15 02:45:16.674 [http-nio-8080-exec-7] WARN  o.s.web.servlet.PageNotFound - No endpoint GET /your-image-path/danang.jpg. 
2024-10-15 02:45:16.759 [http-nio-8080-exec-9] WARN  o.s.web.servlet.PageNotFound - No mapping for GET /your-image-path/japan.jpg 
2024-10-15 02:45:16.759 [http-nio-8080-exec-5] WARN  o.s.web.servlet.PageNotFound - No mapping for GET /your-image-path/japan-food.jpg 
2024-10-15 02:45:16.759 [http-nio-8080-exec-1] WARN  o.s.web.servlet.PageNotFound - No mapping for GET /your-image-path/france-food.jpg 
2024-10-15 02:45:16.759 [http-nio-8080-exec-5] WARN  o.s.web.servlet.PageNotFound - No endpoint GET /your-image-path/japan-food.jpg. 
2024-10-15 02:45:16.760 [http-nio-8080-exec-8] WARN  o.s.web.servlet.PageNotFound - No mapping for GET /your-image-path/france.jpg 
2024-10-15 02:45:16.759 [http-nio-8080-exec-10] WARN  o.s.web.servlet.PageNotFound - No mapping for GET /your-image-path/china.jpg 
2024-10-15 02:45:16.760 [http-nio-8080-exec-8] WARN  o.s.web.servlet.PageNotFound - No endpoint GET /your-image-path/france.jpg. 
2024-10-15 02:45:16.761 [http-nio-8080-exec-10] WARN  o.s.web.servlet.PageNotFound - No endpoint GET /your-image-path/china.jpg. 
2024-10-15 02:45:16.759 [http-nio-8080-exec-9] WARN  o.s.web.servlet.PageNotFound - No endpoint GET /your-image-path/japan.jpg. 
2024-10-15 02:45:16.759 [http-nio-8080-exec-4] WARN  o.s.web.servlet.PageNotFound - No mapping for GET /your-image-path/vietnam.jpg 
2024-10-15 02:45:16.763 [http-nio-8080-exec-4] WARN  o.s.web.servlet.PageNotFound - No endpoint GET /your-image-path/vietnam.jpg. 
2024-10-15 02:45:16.766 [http-nio-8080-exec-8] WARN  o.s.web.servlet.PageNotFound - No mapping for GET /your-image-path/turkey.jpg 
2024-10-15 02:45:16.760 [http-nio-8080-exec-1] WARN  o.s.web.servlet.PageNotFound - No endpoint GET /your-image-path/france-food.jpg. 
2024-10-15 02:45:16.767 [http-nio-8080-exec-8] WARN  o.s.web.servlet.PageNotFound - No endpoint GET /your-image-path/turkey.jpg. 
2024-10-15 02:45:16.768 [http-nio-8080-exec-9] WARN  o.s.web.servlet.PageNotFound - No mapping for GET /your-image-path/italy.jpg 
2024-10-15 02:45:16.769 [http-nio-8080-exec-9] WARN  o.s.web.servlet.PageNotFound - No endpoint GET /your-image-path/italy.jpg. 
