2024-10-15 03:14:03.468 [background-preinit] INFO  o.h.validator.internal.util.Version - HV000001: Hibernate Validator 8.0.1.Final 
2024-10-15 03:14:03.506 [restartedMain] INFO  com.mate.MateApplication - Starting MateApplication using Java 22.0.1 with PID 23354 (/Users/sinpyungho/IdeaProjects/mate_front/target/classes started by sinpyungho in /Users/sinpyungho/IdeaProjects/mate_front) 
2024-10-15 03:14:03.507 [restartedMain] INFO  com.mate.MateApplication - No active profile set, falling back to 1 default profile: "default" 
2024-10-15 03:14:03.553 [restartedMain] INFO  o.s.b.d.restart.ChangeableUrls - The Class-Path manifest attribute in /Users/sinpyungho/.m2/repository/com/oracle/database/jdbc/ojdbc11/21.9.0.0/ojdbc11-21.9.0.0.jar referenced one or more files that do not exist: file:/Users/sinpyungho/.m2/repository/com/oracle/database/jdbc/ojdbc11/21.9.0.0/oraclepki.jar 
2024-10-15 03:14:03.553 [restartedMain] INFO  o.s.b.d.e.DevToolsPropertyDefaultsPostProcessor - Devtools property defaults active! Set 'spring.devtools.add-properties' to 'false' to disable 
2024-10-15 03:14:03.553 [restartedMain] INFO  o.s.b.d.e.DevToolsPropertyDefaultsPostProcessor - For additional web related logging consider setting the 'logging.level.web' property to 'DEBUG' 
2024-10-15 03:14:04.158 [restartedMain] WARN  o.m.s.mapper.ClassPathMapperScanner - No MyBatis mapper was found in '[com.mate]' package. Please check your configuration. 
2024-10-15 03:14:04.533 [restartedMain] INFO  o.s.b.w.e.tomcat.TomcatWebServer - Tomcat initialized with port 8080 (http) 
2024-10-15 03:14:04.542 [restartedMain] INFO  o.a.coyote.http11.Http11NioProtocol - Initializing ProtocolHandler ["http-nio-8080"] 
2024-10-15 03:14:04.547 [restartedMain] INFO  o.a.catalina.core.StandardService - Starting service [Tomcat] 
2024-10-15 03:14:04.547 [restartedMain] INFO  o.a.catalina.core.StandardEngine - Starting Servlet engine: [Apache Tomcat/10.1.30] 
2024-10-15 03:14:04.772 [restartedMain] INFO  o.apache.jasper.servlet.TldScanner - At least one JAR was scanned for TLDs yet contained no TLDs. Enable debug logging for this logger for a complete list of JARs that were scanned but no TLDs were found in them. Skipping unneeded JARs during scanning can improve startup time and JSP compilation time. 
2024-10-15 03:14:04.790 [restartedMain] INFO  o.a.c.c.C.[Tomcat].[localhost].[/] - Initializing Spring embedded WebApplicationContext 
2024-10-15 03:14:04.792 [restartedMain] INFO  o.s.b.w.s.c.ServletWebServerApplicationContext - Root WebApplicationContext: initialization completed in 1238 ms 
2024-10-15 03:14:05.103 [restartedMain] WARN  o.s.aop.framework.CglibAopProxy - Unable to proxy interface-implementing method [public final void org.springframework.dao.support.DaoSupport.afterPropertiesSet() throws java.lang.IllegalArgumentException,org.springframework.beans.factory.BeanInitializationException] because it is marked as final, consider using interface-based JDK proxies instead. 
2024-10-15 03:14:05.487 [restartedMain] INFO  o.s.b.d.a.OptionalLiveReloadServer - LiveReload server is running on port 35729 
2024-10-15 03:14:05.514 [restartedMain] INFO  o.a.coyote.http11.Http11NioProtocol - Starting ProtocolHandler ["http-nio-8080"] 
2024-10-15 03:14:05.537 [restartedMain] INFO  o.s.b.w.e.tomcat.TomcatWebServer - Tomcat started on port 8080 (http) with context path '/' 
2024-10-15 03:14:05.546 [restartedMain] INFO  com.mate.MateApplication - Started MateApplication in 2.488 seconds (process running for 3.631) 
2024-10-15 03:14:07.322 [http-nio-8080-exec-1] INFO  o.a.c.c.C.[Tomcat].[localhost].[/] - Initializing Spring DispatcherServlet 'dispatcherServlet' 
2024-10-15 03:14:07.323 [http-nio-8080-exec-1] INFO  o.s.web.servlet.DispatcherServlet - Initializing Servlet 'dispatcherServlet' 
2024-10-15 03:14:07.327 [http-nio-8080-exec-1] INFO  o.s.web.servlet.DispatcherServlet - Completed initialization in 2 ms 
2024-10-15 03:14:40.758 [background-preinit] INFO  o.h.validator.internal.util.Version - HV000001: Hibernate Validator 8.0.1.Final 
2024-10-15 03:14:40.823 [restartedMain] INFO  com.mate.MateApplication - Starting MateApplication using Java 22.0.1 with PID 23434 (/Users/sinpyungho/IdeaProjects/mate_front/target/classes started by sinpyungho in /Users/sinpyungho/IdeaProjects/mate_front) 
2024-10-15 03:14:40.824 [restartedMain] INFO  com.mate.MateApplication - No active profile set, falling back to 1 default profile: "default" 
2024-10-15 03:14:40.893 [restartedMain] INFO  o.s.b.d.restart.ChangeableUrls - The Class-Path manifest attribute in /Users/sinpyungho/.m2/repository/com/oracle/database/jdbc/ojdbc11/21.9.0.0/ojdbc11-21.9.0.0.jar referenced one or more files that do not exist: file:/Users/sinpyungho/.m2/repository/com/oracle/database/jdbc/ojdbc11/21.9.0.0/oraclepki.jar 
2024-10-15 03:14:40.894 [restartedMain] INFO  o.s.b.d.e.DevToolsPropertyDefaultsPostProcessor - Devtools property defaults active! Set 'spring.devtools.add-properties' to 'false' to disable 
2024-10-15 03:14:40.894 [restartedMain] INFO  o.s.b.d.e.DevToolsPropertyDefaultsPostProcessor - For additional web related logging consider setting the 'logging.level.web' property to 'DEBUG' 
2024-10-15 03:14:41.517 [restartedMain] WARN  o.m.s.mapper.ClassPathMapperScanner - No MyBatis mapper was found in '[com.mate]' package. Please check your configuration. 
2024-10-15 03:14:41.912 [restartedMain] INFO  o.s.b.w.e.tomcat.TomcatWebServer - Tomcat initialized with port 8080 (http) 
2024-10-15 03:14:41.921 [restartedMain] INFO  o.a.coyote.http11.Http11NioProtocol - Initializing ProtocolHandler ["http-nio-8080"] 
2024-10-15 03:14:41.924 [restartedMain] INFO  o.a.catalina.core.StandardService - Starting service [Tomcat] 
2024-10-15 03:14:41.925 [restartedMain] INFO  o.a.catalina.core.StandardEngine - Starting Servlet engine: [Apache Tomcat/10.1.30] 
2024-10-15 03:14:42.107 [restartedMain] INFO  o.apache.jasper.servlet.TldScanner - At least one JAR was scanned for TLDs yet contained no TLDs. Enable debug logging for this logger for a complete list of JARs that were scanned but no TLDs were found in them. Skipping unneeded JARs during scanning can improve startup time and JSP compilation time. 
2024-10-15 03:14:42.113 [restartedMain] INFO  o.a.c.c.C.[Tomcat].[localhost].[/] - Initializing Spring embedded WebApplicationContext 
2024-10-15 03:14:42.113 [restartedMain] INFO  o.s.b.w.s.c.ServletWebServerApplicationContext - Root WebApplicationContext: initialization completed in 1218 ms 
2024-10-15 03:14:42.369 [restartedMain] WARN  o.s.aop.framework.CglibAopProxy - Unable to proxy interface-implementing method [public final void org.springframework.dao.support.DaoSupport.afterPropertiesSet() throws java.lang.IllegalArgumentException,org.springframework.beans.factory.BeanInitializationException] because it is marked as final, consider using interface-based JDK proxies instead. 
2024-10-15 03:14:42.689 [restartedMain] INFO  o.s.b.d.a.OptionalLiveReloadServer - LiveReload server is running on port 35729 
2024-10-15 03:14:42.715 [restartedMain] INFO  o.a.coyote.http11.Http11NioProtocol - Starting ProtocolHandler ["http-nio-8080"] 
2024-10-15 03:14:42.736 [restartedMain] INFO  o.s.b.w.e.tomcat.TomcatWebServer - Tomcat started on port 8080 (http) with context path '/' 
2024-10-15 03:14:42.744 [restartedMain] INFO  com.mate.MateApplication - Started MateApplication in 2.512 seconds (process running for 3.557) 
2024-10-15 03:14:48.364 [http-nio-8080-exec-1] INFO  o.a.c.c.C.[Tomcat].[localhost].[/] - Initializing Spring DispatcherServlet 'dispatcherServlet' 
2024-10-15 03:14:48.365 [http-nio-8080-exec-1] INFO  o.s.web.servlet.DispatcherServlet - Initializing Servlet 'dispatcherServlet' 
2024-10-15 03:14:48.369 [http-nio-8080-exec-1] INFO  o.s.web.servlet.DispatcherServlet - Completed initialization in 3 ms 
