2024-10-14 07:14:28.505 [File Watcher] INFO  o.s.b.d.a.LocalDevToolsAutoConfiguration$RestartingClassPathChangeChangedEventListener - Restarting due to 1 class path change (0 additions, 1 deletion, 0 modifications) 
2024-10-14 07:14:28.555 [Thread-1] INFO  o.a.coyote.http11.Http11NioProtocol - Stopping ProtocolHandler ["http-nio-8080"] 
2024-10-14 07:14:28.822 [restartedMain] INFO  com.mate.MateApplication - Starting MateApplication using Java 22.0.1 with PID 11213 (/Users/sinpyungho/IdeaProjects/Mate-Develop/mate_front/target/classes started by sinpyungho in /Users/sinpyungho/IdeaProjects/Mate-Develop/mate_front) 
2024-10-14 07:14:28.822 [restartedMain] INFO  com.mate.MateApplication - No active profile set, falling back to 1 default profile: "default" 
2024-10-14 07:14:29.010 [restartedMain] WARN  o.m.s.mapper.ClassPathMapperScanner - No MyBatis mapper was found in '[com.mate]' package. Please check your configuration. 
2024-10-14 07:14:29.133 [restartedMain] INFO  o.s.b.w.e.tomcat.TomcatWebServer - Tomcat initialized with port 8080 (http) 
2024-10-14 07:14:29.135 [restartedMain] INFO  o.a.coyote.http11.Http11NioProtocol - Initializing ProtocolHandler ["http-nio-8080"] 
2024-10-14 07:14:29.136 [restartedMain] INFO  o.a.catalina.core.StandardService - Starting service [Tomcat] 
2024-10-14 07:14:29.138 [restartedMain] INFO  o.a.catalina.core.StandardEngine - Starting Servlet engine: [Apache Tomcat/10.1.30] 
2024-10-14 07:14:29.306 [restartedMain] INFO  o.apache.jasper.servlet.TldScanner - At least one JAR was scanned for TLDs yet contained no TLDs. Enable debug logging for this logger for a complete list of JARs that were scanned but no TLDs were found in them. Skipping unneeded JARs during scanning can improve startup time and JSP compilation time. 
2024-10-14 07:14:29.308 [restartedMain] INFO  o.a.c.c.C.[Tomcat].[localhost].[/] - Initializing Spring embedded WebApplicationContext 
2024-10-14 07:14:29.308 [restartedMain] INFO  o.s.b.w.s.c.ServletWebServerApplicationContext - Root WebApplicationContext: initialization completed in 484 ms 
2024-10-14 07:14:29.368 [restartedMain] WARN  o.s.aop.framework.CglibAopProxy - Unable to proxy interface-implementing method [public final void org.springframework.dao.support.DaoSupport.afterPropertiesSet() throws java.lang.IllegalArgumentException,org.springframework.beans.factory.BeanInitializationException] because it is marked as final, consider using interface-based JDK proxies instead. 
2024-10-14 07:14:29.541 [restartedMain] WARN  o.s.b.d.a.OptionalLiveReloadServer - Unable to start LiveReload server 
2024-10-14 07:14:29.552 [restartedMain] INFO  o.a.coyote.http11.Http11NioProtocol - Starting ProtocolHandler ["http-nio-8080"] 
2024-10-14 07:14:29.555 [restartedMain] INFO  o.s.b.w.e.tomcat.TomcatWebServer - Tomcat started on port 8080 (http) with context path '/' 
2024-10-14 07:14:29.558 [restartedMain] INFO  com.mate.MateApplication - Started MateApplication in 0.767 seconds (process running for 650.001) 
2024-10-14 07:14:29.560 [restartedMain] INFO  o.s.b.d.a.ConditionEvaluationDeltaLoggingListener - Condition evaluation unchanged 
2024-10-14 07:14:30.959 [File Watcher] INFO  o.s.b.d.a.LocalDevToolsAutoConfiguration$RestartingClassPathChangeChangedEventListener - Restarting due to 1 class path change (1 addition, 0 deletions, 0 modifications) 
2024-10-14 07:14:30.962 [Thread-5] INFO  o.a.coyote.http11.Http11NioProtocol - Stopping ProtocolHandler ["http-nio-8080"] 
2024-10-14 07:14:31.032 [restartedMain] INFO  com.mate.MateApplication - Starting MateApplication using Java 22.0.1 with PID 11213 (/Users/sinpyungho/IdeaProjects/Mate-Develop/mate_front/target/classes started by sinpyungho in /Users/sinpyungho/IdeaProjects/Mate-Develop/mate_front) 
2024-10-14 07:14:31.032 [restartedMain] INFO  com.mate.MateApplication - No active profile set, falling back to 1 default profile: "default" 
2024-10-14 07:14:31.144 [restartedMain] WARN  o.m.s.mapper.ClassPathMapperScanner - No MyBatis mapper was found in '[com.mate]' package. Please check your configuration. 
2024-10-14 07:14:31.198 [restartedMain] INFO  o.s.b.w.e.tomcat.TomcatWebServer - Tomcat initialized with port 8080 (http) 
2024-10-14 07:14:31.199 [restartedMain] INFO  o.a.coyote.http11.Http11NioProtocol - Initializing ProtocolHandler ["http-nio-8080"] 
2024-10-14 07:14:31.199 [restartedMain] INFO  o.a.catalina.core.StandardService - Starting service [Tomcat] 
2024-10-14 07:14:31.200 [restartedMain] INFO  o.a.catalina.core.StandardEngine - Starting Servlet engine: [Apache Tomcat/10.1.30] 
2024-10-14 07:14:31.319 [restartedMain] INFO  o.apache.jasper.servlet.TldScanner - At least one JAR was scanned for TLDs yet contained no TLDs. Enable debug logging for this logger for a complete list of JARs that were scanned but no TLDs were found in them. Skipping unneeded JARs during scanning can improve startup time and JSP compilation time. 
2024-10-14 07:14:31.322 [restartedMain] INFO  o.a.c.c.C.[Tomcat].[localhost].[/] - Initializing Spring embedded WebApplicationContext 
2024-10-14 07:14:31.322 [restartedMain] INFO  o.s.b.w.s.c.ServletWebServerApplicationContext - Root WebApplicationContext: initialization completed in 288 ms 
2024-10-14 07:14:31.373 [restartedMain] WARN  o.s.aop.framework.CglibAopProxy - Unable to proxy interface-implementing method [public final void org.springframework.dao.support.DaoSupport.afterPropertiesSet() throws java.lang.IllegalArgumentException,org.springframework.beans.factory.BeanInitializationException] because it is marked as final, consider using interface-based JDK proxies instead. 
2024-10-14 07:14:31.518 [restartedMain] WARN  o.s.b.d.a.OptionalLiveReloadServer - Unable to start LiveReload server 
2024-10-14 07:14:31.529 [restartedMain] INFO  o.a.coyote.http11.Http11NioProtocol - Starting ProtocolHandler ["http-nio-8080"] 
2024-10-14 07:14:31.534 [restartedMain] INFO  o.s.b.w.e.tomcat.TomcatWebServer - Tomcat started on port 8080 (http) with context path '/' 
2024-10-14 07:14:31.536 [restartedMain] INFO  com.mate.MateApplication - Started MateApplication in 0.524 seconds (process running for 651.979) 
2024-10-14 07:14:31.537 [restartedMain] INFO  o.s.b.d.a.ConditionEvaluationDeltaLoggingListener - Condition evaluation unchanged 
